<?xml version="1.0" encoding="UTF-8"?>
<!-- Generated by org.testng.reporters.JUnitReportReporter -->
<testsuite skipped="0" hostname="AAKASHAR-IN" name="com.unifier.automation.dmautomation.DMHome.TC002_VerifyDM" tests="1" failures="0" timestamp="11 Jun 2018 12:53:05 GMT" time="0.008" errors="0">
  <testcase name="getSTC002_VerifyDM" time="0.008" classname="com.unifier.automation.dmautomation.DMHome.TC002_VerifyDM"/>
</testsuite> <!-- com.unifier.automation.dmautomation.DMHome.TC002_VerifyDM -->
