<?xml version="1.0" encoding="UTF-8"?>
<!-- Generated by org.testng.reporters.JUnitReportReporter -->
<testsuite skipped="3" hostname="AAKASHAR-IN" name="com.unifier.automation.dmautomation.LoginPage.TC001_VerifyLoginwithInvalidCredentials" tests="4" failures="0" timestamp="13 Jun 2018 15:52:59 GMT" time="92.672" errors="0">
  <testcase name="VerifyLoginwithInvalidCredentials" time="92.672" classname="com.unifier.automation.dmautomation.LoginPage.TC001_VerifyLoginwithInvalidCredentials"/>
  <testcase name="VerifyLoginwithInvalidCredentials" time="0.000" classname="com.unifier.automation.dmautomation.LoginPage.TC001_VerifyLoginwithInvalidCredentials">
    <skipped/>
  </testcase> <!-- VerifyLoginwithInvalidCredentials -->
  <testcase name="VerifyLoginwithInvalidCredentials" time="0.000" classname="com.unifier.automation.dmautomation.LoginPage.TC001_VerifyLoginwithInvalidCredentials">
    <skipped/>
  </testcase> <!-- VerifyLoginwithInvalidCredentials -->
  <testcase name="VerifyLoginwithInvalidCredentials" time="0.000" classname="com.unifier.automation.dmautomation.LoginPage.TC001_VerifyLoginwithInvalidCredentials">
    <skipped/>
  </testcase> <!-- VerifyLoginwithInvalidCredentials -->
</testsuite> <!-- com.unifier.automation.dmautomation.LoginPage.TC001_VerifyLoginwithInvalidCredentials -->
